Beginning Data Retrieval
------------------------
Processing taolanaro
taolanaro not found. Skipping...
Processing port hardy
Processing hermanus
Processing pisco
Processing praia da vitoria
Processing new norfolk
Processing rikitea
Processing vaini
Processing zhezkazgan
Processing kalengwa
Processing saint george
Processing tuktoyaktuk
Processing kodiak
Processing ushuaia
Processing yellowknife
Processing albany
Processing cape town
Processing kaitangata
Processing rio gallegos
Processing tongzi
Processing qui nhon
qui nhon not found. Skipping...
Processing port moresby
Processing huarmey
Processing georgetown
Processing airai
Processing guerrero negro
Processing camacha
Processing saskylakh
Processing jiuquan
Processing cabo san lucas
Processing talnakh
Processing kamenka
Processing kulhudhuffushi
Processing bilma
Processing punta arenas
Processing puerto ayora
Processing grand river south east
grand river south east not found. Skipping...
Processing palabuhanratu
palabuhanratu not found. Skipping...
Processing jodhpur
Processing aklavik
Processing margate
Processing hobart
Processing katav-ivanovsk
Processing longyearbyen
Processing kavieng
Processing busselton
Processing ostrovnoy
Processing barrow
Processing hamilton
Processing sankt andra
sankt andra not found. Skipping...
Processing mataura
Processing mount isa
Processing narsaq
Processing avarua
Processing port lincoln
Processing mahebourg
Processing kushima
Processing kiruna
Processing tumannyy
tumannyy not found. Skipping...
Processing khatanga
Processing cidreira
Processing castro
Processing carnarvon
Processing vertientes
Processing suntar
Processing haflong
Processing klaksvik
Processing jamestown
Processing richards bay
Processing rabak
Processing champasak
Processing touros
Processing barentsburg
barentsburg not found. Skipping...
Processing illoqqortoormiut
illoqqortoormiut not found. Skipping...
Processing atuona
Processing saint-philippe
Processing codrington
Processing arraial do cabo
Processing cayenne
Processing mar del plata
Processing vaitupu
vaitupu not found. Skipping...
Processing biga
Processing fortuna
Processing nikolskoye
Processing ribeira grande
Processing santo antonio do leverger
Processing qaanaaq
Processing zolotinka
zolotinka not found. Skipping...
Processing bluff
Processing phuket
Processing butaritari
Processing bubaque
Processing ust-tsilma
Processing pahrump
Processing louisbourg
louisbourg not found. Skipping...
Processing east london
Processing adrar
Processing esperance
Processing kosh-agach
Processing salalah
Processing grimshaw
Processing tabas
Processing arica
Processing novosokolniki
Processing khandyga
Processing iqaluit
Processing peniche
Processing tiksi
Processing port augusta
Processing lebu
Processing basoko
Processing bambous virieux
Processing whitianga
Processing stornoway
stornoway not found. Skipping...
Processing ejura
Processing itoman
Processing freeport
Processing port alfred
Processing andilamena
Processing bonavista
Processing bredasdorp
Processing sao filipe
Processing presidencia roque saenz pena
Processing alpena
Processing yamada
Processing adana
Processing hasaki
Processing berlevag
Processing luderitz
Processing onalaska
Processing hantsport
Processing kieta
Processing bafra
bafra not found. Skipping...
Processing pinos
Processing balkhash
Processing huoqiu
Processing ladario
Processing muros
Processing amderma
amderma not found. Skipping...
Processing hilo
Processing auki
Processing doka
Processing sinegorye
Processing nanakuli
Processing san fernando
Processing the valley
Processing tuatapere
Processing imeni poliny osipenko
Processing olbia
Processing kapaa
Processing lavrentiya
Processing camargo
Processing souillac
Processing alofi
Processing bethel
Processing nuuk
Processing torbay
Processing paradwip
paradwip not found. Skipping...
Processing veraval
Processing cururupu
Processing itarema
Processing oktyabrskiy
Processing qarqin
Processing thinadhoo
Processing bria
Processing lakes entrance
Processing ponta delgada
Processing hay river
Processing machinga
Processing qaqortoq
Processing aktash
aktash not found. Skipping...
Processing flin flon
Processing ulaangom
Processing port elizabeth
Processing palmer
Processing anloga
Processing niksar
Processing abu jubayhah
abu jubayhah not found. Skipping...
Processing chumikan
Processing ayr
Processing zapolyarnyy
Processing bhadasar
Processing kudahuvadhoo
Processing yanam
Processing labutta
labutta not found. Skipping...
Processing clyde river
Processing tsihombe
tsihombe not found. Skipping...
Processing san patricio
Processing kroya
Processing upernavik
Processing bandarbeyla
Processing attawapiskat
attawapiskat not found. Skipping...
Processing oktyabrskoye
Processing mys shmidta
mys shmidta not found. Skipping...
Processing traverse city
Processing lompoc
Processing dianopolis
dianopolis not found. Skipping...
Processing dudinka
Processing batemans bay
Processing salinas
Processing dikson
Processing calama
Processing warrington
Processing solnechnyy
Processing limon
Processing mutsamudu
mutsamudu not found. Skipping...
Processing hambantota
Processing luganville
Processing skjervoy
Processing imeni babushkina
Processing pulandian
Processing koumac
Processing gizo
Processing miyako
Processing portland
Processing pevek
Processing polunochnoye
Processing eyl
Processing severnoye
Processing ngukurr
ngukurr not found. Skipping...
Processing beloha
Processing te anau
Processing marcona
marcona not found. Skipping...
Processing hofn
Processing kununurra
Processing syedove
Processing karauzyak
karauzyak not found. Skipping...
Processing norman wells
Processing tenenkou
Processing victoria
Processing tateyama
Processing thompson
Processing sakaraha
Processing turayf
Processing bantry
bantry not found. Skipping...
Processing chuy
Processing sorong
Processing palafrugell
Processing saleaula
saleaula not found. Skipping...
Processing galeana
Processing nhulunbuy
Processing tabiauea
tabiauea not found. Skipping...
Processing chokurdakh
Processing mitu
Processing bhinga
Processing faanui
Processing tambun
Processing catalao
Processing kalmunai
Processing hudiksvall
Processing mazatlan
Processing santa engracia
Processing harlingen
Processing bolshegrivskoye
bolshegrivskoye not found. Skipping...
Processing shimoda
Processing riyadh
Processing waddan
Processing coihaique
Processing kruisfontein
Processing barrhead
Processing ilhabela
Processing cherskiy
Processing albenga
Processing zonguldak
Processing west wendover
Processing saldanha
Processing vila franca do campo
Processing vestmannaeyjar
Processing grindavik
Processing butembo
Processing baherden
Processing bosaso
Processing sentyabrskiy
sentyabrskiy not found. Skipping...
Processing mrirt
mrirt not found. Skipping...
Processing nizhneyansk
nizhneyansk not found. Skipping...
Processing cobija
Processing bend
Processing belushya guba
belushya guba not found. Skipping...
Processing sokoni
Processing lorengau
Processing nishihara
Processing kodinsk
Processing gamboma
Processing sioux lookout
Processing los llanos de aridane
Processing dhidhdhoo
Processing mahabad
Processing umzimvubu
umzimvubu not found. Skipping...
Processing russell
Processing pangkalanbuun
Processing carutapera
Processing eirunepe
Processing tasiilaq
Processing canchungo
Processing pasighat
Processing dunedin
Processing ponta do sol
Processing shelburne
Processing buraydah
Processing ahipara
Processing port hedland
Processing kostino
Processing inhambane
Processing kegayli
kegayli not found. Skipping...
Processing flinders
Processing pasaje
Processing ovruch
Processing santa cruz
Processing reconquista
Processing vanimo
Processing saint anthony
Processing sapao
sapao not found. Skipping...
Processing deputatskiy
Processing hokitika
Processing porto nacional
Processing mubi
Processing lagunas
Processing rantepao
Processing poum
Processing vostok
Processing peitou
peitou not found. Skipping...
Processing urucara
Processing provideniya
Processing waipawa
Processing mabama
Processing bathsheba
Processing ancud
Processing mackay
Processing tagusao
Processing moerai
Processing coquimbo
Processing portree
Processing kamenskoye
kamenskoye not found. Skipping...
Processing den helder
Processing segezha
Processing altay
Processing abu dhabi
Processing bengkulu
bengkulu not found. Skipping...
Processing foumban
Processing chiredzi
Processing kushiro
Processing ovsyanka
Processing ust-kamchatsk
ust-kamchatsk not found. Skipping...
Processing ibra
Processing isabela
Processing bozdar
Processing omsukchan
Processing beroroha
Processing hauterive
Processing ust-nera
Processing sorland
Processing faya
Processing cacheu
Processing kibre mengist
Processing sorvag
sorvag not found. Skipping...
Processing honiara
Processing atar
Processing wa
wa not found. Skipping...
Processing inirida
Processing severo-kurilsk
Processing guachucal
Processing voznesenye
Processing olhao
Processing saquarema
Processing ola
Processing utica
Processing beipiao
Processing izacic
Processing qingyuan
Processing ukholovo
Processing halmstad
Processing yasugi
Processing bay roberts
Processing bathurst
Processing pedernales
Processing correntina
Processing thurso
Processing constitucion
Processing petropavlovsk-kamchatskiy
Processing asau
asau not found. Skipping...
Processing leona vicario
Processing manjacaze
Processing hvolsvollur
hvolsvollur not found. Skipping...
Processing aksarka
Processing kloulklubed
Processing half moon bay
Processing nelson bay
Processing korla
korla not found. Skipping...
Processing lasa
Processing yarmouth
Processing obidos
Processing roebourne
Processing damghan
Processing yumen
Processing katsuura
Processing luorong
Processing mocuba
Processing kitimat
Processing bollnas
Processing sao sebastiao
Processing bahar
Processing nijar
Processing kavaratti
Processing bukama
Processing nanortalik
Processing nouakchott
Processing nchelenge
Processing terney
Processing goya
Processing acarau
acarau not found. Skipping...
Processing namatanai
Processing quatre cocos
Processing laguna
Processing zhanaozen
Processing karaul
karaul not found. Skipping...
Processing geraldton
Processing aviles
Processing teya
Processing calamar
Processing ulladulla
Processing dzaoudzi
Processing mount gambier
Processing saint-augustin
Processing cagayan de tawi-tawi
cagayan de tawi-tawi not found. Skipping...
Processing andarab
andarab not found. Skipping...
Processing bolungarvik
bolungarvik not found. Skipping...
Processing vardo
Processing chaohu
Processing choya
Processing tokur
Processing puerto del rosario
Processing payakumbuh
Processing hithadhoo
Processing puerto gaitan
puerto gaitan not found. Skipping...
Processing mocambique
mocambique not found. Skipping...
Processing le port
Processing lagoa
Processing batagay-alyta
Processing shellbrook
Processing cabedelo
Processing khasan
Processing snezhnogorsk
Processing coevorden
Processing makum
Processing ketchikan
Processing pacifica
Processing landang
landang not found. Skipping...
Processing udachnyy
Processing mayo
Processing maun
Processing lolua
lolua not found. Skipping...
Processing atherton
Processing kathmandu
Processing bulgan
Processing mitsamiouli
Processing alexandroupoli
Processing maragogi
Processing tessalit
Processing san cristobal
Processing ambon
Processing evensk
Processing oranjestad
Processing tondi
Processing progreso
Processing balotra
Processing phibun mangsahan
Processing sangar
Processing olafsvik
olafsvik not found. Skipping...
Processing aksha
Processing egvekinot
Processing kuche
kuche not found. Skipping...
Processing khonuu
khonuu not found. Skipping...
Processing marystown
Processing lebanon
Processing soyo
Processing pachmarhi
Processing lishu
Processing bontang
Processing bilibino
Processing port blair
Processing pokhara
Processing kilindoni
Processing dinsor
dinsor not found. Skipping...
Processing along
Processing metsovon
metsovon not found. Skipping...
Processing njinikom
Processing yenagoa
Processing enshi
Processing zeya
Processing satitoa
satitoa not found. Skipping...
Processing whitehorse
Processing sydney
Processing barcelos
Processing saurimo
Processing markova
Processing caravelas
Processing kihei
Processing moram
Processing qom
Processing falealupo
falealupo not found. Skipping...
Processing kaabong
Processing hami
Processing zelenoborskiy
Processing havelock
Processing halalo
halalo not found. Skipping...
Processing gweru
Processing volokonovka
Processing morant bay
Processing dingle
Processing mata
Processing rawson
Processing meulaboh
Processing parana
Processing armacao dos buzios
armacao dos buzios not found. Skipping...
Processing do rud
do rud not found. Skipping...
Processing alvaraes
Processing mayumba
Processing desbiens
Processing cockburn town
Processing maniitsoq
Processing hobyo
Processing goundi
Processing ilulissat
Processing mehamn
Processing kaeo
Processing coahuayana
Processing zhigansk
Processing yei
yei not found. Skipping...
Processing ramasukha
ramasukha not found. Skipping...
Processing general pico
Processing la ronge
Processing san policarpo
Processing alpine
Processing yerbogachen
Processing athabasca
Processing chernyshevskiy
Processing naryan-mar
Processing alcudia
Processing brigantine
Processing matsanga
matsanga not found. Skipping...
Processing ternate
Processing baruun-urt
Processing cesis
Processing samarai
Processing san buenaventura
Processing pleasanton
Processing tazovskiy
Processing christchurch
Processing horsham
Processing simao
Processing broome
Processing kahului
Processing mahibadhoo
Processing vallenar
Processing guaratinga
guaratinga not found. Skipping...
Processing kalaleh
Processing kawalu
Processing narwar
Processing ust-maya
Processing mpika
Processing walvis bay
Processing boa vista
Processing samusu
samusu not found. Skipping...
Processing hirara
Processing longonjo
Processing carinhanha
Processing mednogorsk
Processing carnduff
Processing sambava
Processing jiexiu
Processing gigmoto
Processing vila
Processing ascope
Processing tautira
Processing taoudenni
Processing nizamabad
Processing sedkyrkeshch
Processing matara
Processing sabang
Processing rio grande
Processing berani
Processing quartucciu
Processing japura
Processing aguimes
Processing meadow lake
Processing chapleau
Processing amapa
Processing maceio
Processing balabac
Processing cheremkhovo
Processing vao
Processing pemangkat
pemangkat not found. Skipping...
Processing vila velha
Processing bethalto
Processing haines junction
Processing trelew
Processing noyabrsk
Processing notre-dame-du-lac
Processing metlaltoyuca
Processing alamosa
Processing mareeba
Processing sur
Processing krasnoselkup
krasnoselkup not found. Skipping...
Processing jishou
Processing muyezerskiy
Processing baykit
Processing belaya gora
Processing garm
garm not found. Skipping...
Processing nabire
